<?xml version="1.0" encoding="UTF-8"?>
<!-- Generated by org.testng.reporters.JUnitXMLReporter -->
<testsuite ignored="0" hostname="Nadora" failures="0" tests="1" name="Surefire test" time="0.196" errors="0" timestamp="2023-05-28T20:24:08 EET">
  <testcase classname="com.amazon.Base.TestBase" name="@BeforeMethod setUp" time="0.021">
    <failure type="java.lang.NullPointerException" message="Cannot invoke &amp;quot;org.openqa.selenium.WebDriver.get(String)&amp;quot; because &amp;quot;this.driver&amp;quot; is null">
      <![CDATA[java.lang.NullPointerException: Cannot invoke "org.openqa.selenium.WebDriver.get(String)" because "this.driver" is null
at com.amazon.Factory.DriverFactory.initializeDriver(DriverFactory.java:29)
at com.amazon.Base.TestBase.setUp(TestBase.java:14)
at java.base/java.util.ArrayList.forEach(ArrayList.java:1511)
... Removed 34 stack frames]]>
    </failure>
  </testcase> <!-- @BeforeMethod setUp -->
  <testcase classname="com.amazon.Base.TestBase" name="@AfterMethod tearDown" time="0.0">
    <skipped/>
  </testcase> <!-- @AfterMethod tearDown -->
  <testcase classname="TestCases.HomePageTest" name="load" time="0.0">
    <skipped/>
  </testcase> <!-- load -->
</testsuite> <!-- Surefire test -->
